[
    {
        "TimeCreated":  "\/Date(1784069955894)\/",
        "Id":  1000,
        "Level":  2,
        "LevelDisplayName":  "Error",
        "ProviderName":  "Application Error",
        "LogName":  "Application",
        "MachineName":  "DESKTOP-M0DEMB7",
        "Message":  "Faulting application name: rutserv.exe, version: 7.8.4.0, time stamp: 0x6a299e99\r\nFaulting module name: rutserv.exe, version: 7.8.4.0, time stamp: 0x6a299e99\r\nException code: 0xc0000005\r\nFault offset: 0x00010ace\r\nFaulting process id: 0x146C\r\nFaulting application start time: 0x1DD139BF567BCB6\r\nFaulting application path: C:\\Program Files (x86)\\Remote Utilities - Host\\rutserv.exe\r\nFaulting module path: C:\\Program Files (x86)\\Remote Utilities - Host\\rutserv.exe\r\nReport Id: c72cbc0c-f62b-44b0-9648-88ffa409560b\r\nFaulting package full name: \r\nFaulting package-relative application ID: ",
        "RecordId":  1830
    },
    {
        "TimeCreated":  "\/Date(1784069989187)\/",
        "Id":  63,
        "Level":  3,
        "LevelDisplayName":  "Warning",
        "ProviderName":  "Microsoft-Windows-WMI",
        "LogName":  "Application",
        "MachineName":  "DESKTOP-M0DEMB7",
        "Message":  "A provider, HgsClientWmi, has been registered in the Windows Management Instrumentation namespace root\\Microsoft\\Windows\\Hgs to use the LocalSystem account. This account is privileged and the provider may cause a security violation if it does not correctly impersonate user requests.",
        "RecordId":  1839
    },
    {
        "TimeCreated":  "\/Date(1784069989188)\/",
        "Id":  63,
        "Level":  3,
        "LevelDisplayName":  "Warning",
        "ProviderName":  "Microsoft-Windows-WMI",
        "LogName":  "Application",
        "MachineName":  "DESKTOP-M0DEMB7",
        "Message":  "A provider, HgsClientWmi, has been registered in the Windows Management Instrumentation namespace root\\Microsoft\\Windows\\Hgs to use the LocalSystem account. This account is privileged and the provider may cause a security violation if it does not correctly impersonate user requests.",
        "RecordId":  1840
    },
    {
        "TimeCreated":  "\/Date(1784069989190)\/",
        "Id":  63,
        "Level":  3,
        "LevelDisplayName":  "Warning",
        "ProviderName":  "Microsoft-Windows-WMI",
        "LogName":  "Application",
        "MachineName":  "DESKTOP-M0DEMB7",
        "Message":  "A provider, HgsClientWmi, has been registered in the Windows Management Instrumentation namespace root\\Microsoft\\Windows\\Hgs to use the LocalSystem account. This account is privileged and the provider may cause a security violation if it does not correctly impersonate user requests.",
        "RecordId":  1841
    },
    {
        "TimeCreated":  "\/Date(1784073473592)\/",
        "Id":  1015,
        "Level":  3,
        "LevelDisplayName":  "Warning",
        "ProviderName":  "Microsoft-Windows-Search",
        "LogName":  "Application",
        "MachineName":  "DESKTOP-M0DEMB7",
        "Message":  "Event ID 10024 for the Windows Search Service has been suppressed 54 time(s) since 12:54:46 AM. This event is used to suppress Windows Search Service events that have occurred frequently within a short period of time.  See Event ID 10024 for further details on this event.",
        "RecordId":  1882
    },
    {
        "TimeCreated":  "\/Date(1784074565461)\/",
        "Id":  1002,
        "Level":  2,
        "LevelDisplayName":  "Error",
        "ProviderName":  "Application Hang",
        "LogName":  "Application",
        "MachineName":  "DESKTOP-M0DEMB7",
        "Message":  "The program LockApp.exe version 10.0.26100.8737 stopped interacting with Windows and was closed. To see if more information about the problem is available, check the problem history in the Security and Maintenance control panel.\r\n",
        "RecordId":  1884
    },
    {
        "TimeCreated":  "\/Date(1784105770585)\/",
        "Id":  10024,
        "Level":  3,
        "LevelDisplayName":  "Warning",
        "ProviderName":  "Microsoft-Windows-Search",
        "LogName":  "Application",
        "MachineName":  "DESKTOP-M0DEMB7",
        "Message":  "The filter host process 17528 did not respond and is being forcibly terminated. \n",
        "RecordId":  1943
    },
    {
        "TimeCreated":  "\/Date(1784105770833)\/",
        "Id":  10024,
        "Level":  3,
        "LevelDisplayName":  "Warning",
        "ProviderName":  "Microsoft-Windows-Search",
        "LogName":  "Application",
        "MachineName":  "DESKTOP-M0DEMB7",
        "Message":  "The filter host process 9684 did not respond and is being forcibly terminated. \n",
        "RecordId":  1944
    },
    {
        "TimeCreated":  "\/Date(1784237947771)\/",
        "Id":  1000,
        "Level":  2,
        "LevelDisplayName":  "Error",
        "ProviderName":  "Application Error",
        "LogName":  "Application",
        "MachineName":  "DESKTOP-M0DEMB7",
        "Message":  "Faulting application name: llama-server.exe, version: 0.0.0.0, time stamp: 0x6a555b37\r\nFaulting module name: KERNELBASE.dll, version: 10.0.26100.8737, time stamp: 0x82bf07fa\r\nException code: 0xe06d7363\r\nFault offset: 0x00000000000c1c0a\r\nFaulting process id: 0x68C8\r\nFaulting application start time: 0x1DD156B78B86750\r\nFaulting application path: C:\\Users\\Muaammar\\AppData\\Local\\Programs\\Ollama\\lib\\ollama\\llama-server.exe\r\nFaulting module path: C:\\WINDOWS\\System32\\KERNELBASE.dll\r\nReport Id: c1ab2335-fe08-4395-9532-bee111213fcc\r\nFaulting package full name: \r\nFaulting package-relative application ID: ",
        "RecordId":  2152
    },
    {
        "TimeCreated":  "\/Date(1784238035147)\/",
        "Id":  1000,
        "Level":  2,
        "LevelDisplayName":  "Error",
        "ProviderName":  "Application Error",
        "LogName":  "Application",
        "MachineName":  "DESKTOP-M0DEMB7",
        "Message":  "Faulting application name: llama-server.exe, version: 0.0.0.0, time stamp: 0x6a555b37\r\nFaulting module name: KERNELBASE.dll, version: 10.0.26100.8737, time stamp: 0x82bf07fa\r\nException code: 0xe06d7363\r\nFault offset: 0x00000000000c1c0a\r\nFaulting process id: 0x4CE4\r\nFaulting application start time: 0x1DD156BB39D0CBE\r\nFaulting application path: C:\\Users\\Muaammar\\AppData\\Local\\Programs\\Ollama\\lib\\ollama\\llama-server.exe\r\nFaulting module path: C:\\WINDOWS\\System32\\KERNELBASE.dll\r\nReport Id: 73b66e7e-f44e-4386-840d-9fe3e15860e1\r\nFaulting package full name: \r\nFaulting package-relative application ID: ",
        "RecordId":  2154
    },
    {
        "TimeCreated":  "\/Date(1784245545142)\/",
        "Id":  6004,
        "Level":  3,
        "LevelDisplayName":  "Warning",
        "ProviderName":  "Microsoft-Windows-Winlogon",
        "LogName":  "Application",
        "MachineName":  "DESKTOP-M0DEMB7",
        "Message":  "The winlogon notification subscriber \u003cTrustedInstaller\u003e failed a critical notification event.",
        "RecordId":  2195
    },
    {
        "TimeCreated":  "\/Date(1784245575793)\/",
        "Id":  6004,
        "Level":  3,
        "LevelDisplayName":  "Warning",
        "ProviderName":  "Microsoft-Windows-Winlogon",
        "LogName":  "Application",
        "MachineName":  "DESKTOP-M0DEMB7",
        "Message":  "The winlogon notification subscriber \u003cTrustedInstaller\u003e failed a critical notification event.",
        "RecordId":  2202
    },
    {
        "TimeCreated":  "\/Date(1784326588806)\/",
        "Id":  264,
        "Level":  2,
        "LevelDisplayName":  "Error",
        "ProviderName":  "Microsoft-Windows-Defrag",
        "LogName":  "Application",
        "MachineName":  "DESKTOP-M0DEMB7",
        "Message":  "The storage optimizer couldn\u0027t complete defragmentation on \\\\?\\Volume{39e2ee48-7ce9-11f1-bd77-806e6f6e6963}\\ because: Volumes cannot be optimized due to file system type not supported. (0x8900002F)",
        "RecordId":  2403
    },
    {
        "TimeCreated":  "\/Date(1784326588813)\/",
        "Id":  264,
        "Level":  2,
        "LevelDisplayName":  "Error",
        "ProviderName":  "Microsoft-Windows-Defrag",
        "LogName":  "Application",
        "MachineName":  "DESKTOP-M0DEMB7",
        "Message":  "The storage optimizer couldn\u0027t complete defragmentation on \\\\?\\Volume{39e2ee49-7ce9-11f1-bd77-806e6f6e6963}\\ because: Volumes cannot be optimized due to file system type not supported. (0x8900002F)",
        "RecordId":  2404
    },
    {
        "TimeCreated":  "\/Date(1784371691929)\/",
        "Id":  7040,
        "Level":  4,
        "LevelDisplayName":  "Information",
        "ProviderName":  "Service Control Manager",
        "LogName":  "System",
        "MachineName":  "DESKTOP-M0DEMB7",
        "Message":  "The start type of the Background Intelligent Transfer Service service was changed from demand start to auto start.",
        "RecordId":  4733
    },
    {
        "TimeCreated":  "\/Date(1784371828190)\/",
        "Id":  7040,
        "Level":  4,
        "LevelDisplayName":  "Information",
        "ProviderName":  "Service Control Manager",
        "LogName":  "System",
        "MachineName":  "DESKTOP-M0DEMB7",
        "Message":  "The start type of the Background Intelligent Transfer Service service was changed from auto start to demand start.",
        "RecordId":  4734
    },
    {
        "TimeCreated":  "\/Date(1784375288973)\/",
        "Id":  7040,
        "Level":  4,
        "LevelDisplayName":  "Information",
        "ProviderName":  "Service Control Manager",
        "LogName":  "System",
        "MachineName":  "DESKTOP-M0DEMB7",
        "Message":  "The start type of the Background Intelligent Transfer Service service was changed from demand start to auto start.",
        "RecordId":  4755
    },
    {
        "TimeCreated":  "\/Date(1784375437182)\/",
        "Id":  7040,
        "Level":  4,
        "LevelDisplayName":  "Information",
        "ProviderName":  "Service Control Manager",
        "LogName":  "System",
        "MachineName":  "DESKTOP-M0DEMB7",
        "Message":  "The start type of the Background Intelligent Transfer Service service was changed from auto start to demand start.",
        "RecordId":  4756
    },
    {
        "TimeCreated":  "\/Date(1784376066188)\/",
        "Id":  7040,
        "Level":  4,
        "LevelDisplayName":  "Information",
        "ProviderName":  "Service Control Manager",
        "LogName":  "System",
        "MachineName":  "DESKTOP-M0DEMB7",
        "Message":  "The start type of the Background Intelligent Transfer Service service was changed from demand start to auto start.",
        "RecordId":  4757
    },
    {
        "TimeCreated":  "\/Date(1784376190518)\/",
        "Id":  7040,
        "Level":  4,
        "LevelDisplayName":  "Information",
        "ProviderName":  "Service Control Manager",
        "LogName":  "System",
        "MachineName":  "DESKTOP-M0DEMB7",
        "Message":  "The start type of the Background Intelligent Transfer Service service was changed from auto start to demand start.",
        "RecordId":  4758
    },
    {
        "TimeCreated":  "\/Date(1784384239470)\/",
        "Id":  11,
        "Level":  2,
        "LevelDisplayName":  "Error",
        "ProviderName":  "disk",
        "LogName":  "System",
        "MachineName":  "DESKTOP-M0DEMB7",
        "Message":  "The driver detected a controller error on \\Device\\Harddisk1\\DR5.",
        "RecordId":  4785
    },
    {
        "TimeCreated":  "\/Date(1784384239688)\/",
        "Id":  11,
        "Level":  2,
        "LevelDisplayName":  "Error",
        "ProviderName":  "disk",
        "LogName":  "System",
        "MachineName":  "DESKTOP-M0DEMB7",
        "Message":  "The driver detected a controller error on \\Device\\Harddisk1\\DR5.",
        "RecordId":  4786
    },
    {
        "TimeCreated":  "\/Date(1784384821838)\/",
        "Id":  11,
        "Level":  2,
        "LevelDisplayName":  "Error",
        "ProviderName":  "disk",
        "LogName":  "System",
        "MachineName":  "DESKTOP-M0DEMB7",
        "Message":  "The driver detected a controller error on \\Device\\Harddisk2\\DR6.",
        "RecordId":  4789
    },
    {
        "TimeCreated":  "\/Date(1784379654157)\/",
        "Id":  7040,
        "Level":  4,
        "LevelDisplayName":  "Information",
        "ProviderName":  "Service Control Manager",
        "LogName":  "System",
        "MachineName":  "DESKTOP-M0DEMB7",
        "Message":  "The start type of the Background Intelligent Transfer Service service was changed from demand start to auto start.",
        "RecordId":  4766
    },
    {
        "TimeCreated":  "\/Date(1784379778579)\/",
        "Id":  7040,
        "Level":  4,
        "LevelDisplayName":  "Information",
        "ProviderName":  "Service Control Manager",
        "LogName":  "System",
        "MachineName":  "DESKTOP-M0DEMB7",
        "Message":  "The start type of the Background Intelligent Transfer Service service was changed from auto start to demand start.",
        "RecordId":  4767
    },
    {
        "TimeCreated":  "\/Date(1784388646594)\/",
        "Id":  11,
        "Level":  2,
        "LevelDisplayName":  "Error",
        "ProviderName":  "disk",
        "LogName":  "System",
        "MachineName":  "DESKTOP-M0DEMB7",
        "Message":  "The driver detected a controller error on \\Device\\Harddisk2\\DR6.",
        "RecordId":  4792
    },
    {
        "TimeCreated":  "\/Date(1784388646812)\/",
        "Id":  11,
        "Level":  2,
        "LevelDisplayName":  "Error",
        "ProviderName":  "disk",
        "LogName":  "System",
        "MachineName":  "DESKTOP-M0DEMB7",
        "Message":  "The driver detected a controller error on \\Device\\Harddisk2\\DR6.",
        "RecordId":  4793
    },
    {
        "TimeCreated":  "\/Date(1784388647032)\/",
        "Id":  11,
        "Level":  2,
        "LevelDisplayName":  "Error",
        "ProviderName":  "disk",
        "LogName":  "System",
        "MachineName":  "DESKTOP-M0DEMB7",
        "Message":  "The driver detected a controller error on \\Device\\Harddisk2\\DR6.",
        "RecordId":  4794
    },
    {
        "TimeCreated":  "\/Date(1784388647236)\/",
        "Id":  11,
        "Level":  2,
        "LevelDisplayName":  "Error",
        "ProviderName":  "disk",
        "LogName":  "System",
        "MachineName":  "DESKTOP-M0DEMB7",
        "Message":  "The driver detected a controller error on \\Device\\Harddisk2\\DR6.",
        "RecordId":  4795
    },
    {
        "TimeCreated":  "\/Date(1784388647439)\/",
        "Id":  11,
        "Level":  2,
        "LevelDisplayName":  "Error",
        "ProviderName":  "disk",
        "LogName":  "System",
        "MachineName":  "DESKTOP-M0DEMB7",
        "Message":  "The driver detected a controller error on \\Device\\Harddisk2\\DR6.",
        "RecordId":  4796
    },
    {
        "TimeCreated":  "\/Date(1784408332150)\/",
        "Id":  11,
        "Level":  2,
        "LevelDisplayName":  "Error",
        "ProviderName":  "disk",
        "LogName":  "System",
        "MachineName":  "DESKTOP-M0DEMB7",
        "Message":  "The driver detected a controller error on \\Device\\Harddisk2\\DR6.",
        "RecordId":  4805
    },
    {
        "TimeCreated":  "\/Date(1784408408642)\/",
        "Id":  11,
        "Level":  2,
        "LevelDisplayName":  "Error",
        "ProviderName":  "disk",
        "LogName":  "System",
        "MachineName":  "DESKTOP-M0DEMB7",
        "Message":  "The driver detected a controller error on \\Device\\Harddisk2\\DR6.",
        "RecordId":  4808
    },
    {
        "TimeCreated":  "\/Date(1784408408845)\/",
        "Id":  11,
        "Level":  2,
        "LevelDisplayName":  "Error",
        "ProviderName":  "disk",
        "LogName":  "System",
        "MachineName":  "DESKTOP-M0DEMB7",
        "Message":  "The driver detected a controller error on \\Device\\Harddisk2\\DR6.",
        "RecordId":  4809
    },
    {
        "TimeCreated":  "\/Date(1784408409064)\/",
        "Id":  11,
        "Level":  2,
        "LevelDisplayName":  "Error",
        "ProviderName":  "disk",
        "LogName":  "System",
        "MachineName":  "DESKTOP-M0DEMB7",
        "Message":  "The driver detected a controller error on \\Device\\Harddisk2\\DR6.",
        "RecordId":  4810
    },
    {
        "TimeCreated":  "\/Date(1784408409282)\/",
        "Id":  11,
        "Level":  2,
        "LevelDisplayName":  "Error",
        "ProviderName":  "disk",
        "LogName":  "System",
        "MachineName":  "DESKTOP-M0DEMB7",
        "Message":  "The driver detected a controller error on \\Device\\Harddisk2\\DR6.",
        "RecordId":  4811
    },
    {
        "TimeCreated":  "\/Date(1784408409501)\/",
        "Id":  11,
        "Level":  2,
        "LevelDisplayName":  "Error",
        "ProviderName":  "disk",
        "LogName":  "System",
        "MachineName":  "DESKTOP-M0DEMB7",
        "Message":  "The driver detected a controller error on \\Device\\Harddisk2\\DR6.",
        "RecordId":  4812
    },
    {
        "TimeCreated":  "\/Date(1784409417762)\/",
        "Id":  11,
        "Level":  2,
        "LevelDisplayName":  "Error",
        "ProviderName":  "disk",
        "LogName":  "System",
        "MachineName":  "DESKTOP-M0DEMB7",
        "Message":  "The driver detected a controller error on \\Device\\Harddisk2\\DR6.",
        "RecordId":  4815
    },
    {
        "TimeCreated":  "\/Date(1784412191875)\/",
        "Id":  1000,
        "Level":  2,
        "LevelDisplayName":  "Error",
        "ProviderName":  "Application Error",
        "LogName":  "Application",
        "MachineName":  "DESKTOP-M0DEMB7",
        "Message":  "Faulting application name: Exalm demo: simulated application crash for log analysis testing, version: %2, time stamp: 0x%3\r\nFaulting module name: %4, version: %5, time stamp: 0x%6\r\nException code: 0x%7\r\nFault offset: 0x%8\r\nFaulting process id: %9\r\nFaulting application start time: %10\r\nFaulting application path: %11\r\nFaulting module path: %12\r\nReport Id: %13\r\nFaulting package full name: %14\r\nFaulting package-relative application ID: %15",
        "RecordId":  2541
    },
    {
        "TimeCreated":  "\/Date(1784407691938)\/",
        "Id":  7040,
        "Level":  4,
        "LevelDisplayName":  "Information",
        "ProviderName":  "Service Control Manager",
        "LogName":  "System",
        "MachineName":  "DESKTOP-M0DEMB7",
        "Message":  "The start type of the Background Intelligent Transfer Service service was changed from demand start to auto start.",
        "RecordId":  4801
    },
    {
        "TimeCreated":  "\/Date(1784407824112)\/",
        "Id":  7040,
        "Level":  4,
        "LevelDisplayName":  "Information",
        "ProviderName":  "Service Control Manager",
        "LogName":  "System",
        "MachineName":  "DESKTOP-M0DEMB7",
        "Message":  "The start type of the Background Intelligent Transfer Service service was changed from auto start to demand start.",
        "RecordId":  4802
    }
]